2025-12-06 20:31:34 error: uncaughtException: OAuth2Strategy requires a clientID option
TypeError: OAuth2Strategy requires a clientID option
    at Strategy.OAuth2Strategy (D:\BMU\PORTAL BMU\BE\node_modules\passport-oauth2\lib\strategy.js:87:34)
    at new Strategy (D:\BMU\PORTAL BMU\BE\node_modules\passport-google-oauth20\lib\strategy.js:52:18)
    at Object.<anonymous> (D:\BMU\PORTAL BMU\BE\src\config\passport-setup.ts:7:3)
    at Module.<anonymous> (node:internal/modules/cjs/loader:1688:14)
    at Module._compile (D:\BMU\PORTAL BMU\BE\node_modules\source-map-support\source-map-support.js:521:25)
    at Module.m._compile (C:\Users\DWIAJU~1\AppData\Local\Temp\ts-node-dev-hook-6378649180830507.js:69:33)
    at node:internal/modules/cjs/loader:1820:10
    at require.extensions..jsx.require.extensions..js (C:\Users\DWIAJU~1\AppData\Local\Temp\ts-node-dev-hook-6378649180830507.js:114:20)
    at require.extensions.<computed> (C:\Users\DWIAJU~1\AppData\Local\Temp\ts-node-dev-hook-6378649180830507.js:71:20)
    at Object.nodeDevHook [as .ts] (D:\BMU\PORTAL BMU\BE\node_modules\ts-node-dev\lib\hook.js:63:13)
2025-12-06 20:34:21 error: uncaughtException: OAuth2Strategy requires a clientID option
TypeError: OAuth2Strategy requires a clientID option
    at Strategy.OAuth2Strategy (D:\BMU\PORTAL BMU\BE\node_modules\passport-oauth2\lib\strategy.js:87:34)
    at new Strategy (D:\BMU\PORTAL BMU\BE\node_modules\passport-google-oauth20\lib\strategy.js:52:18)
    at Object.<anonymous> (D:\BMU\PORTAL BMU\BE\src\config\passport-setup.ts:7:3)
    at Module.<anonymous> (node:internal/modules/cjs/loader:1688:14)
    at Module._compile (D:\BMU\PORTAL BMU\BE\node_modules\source-map-support\source-map-support.js:521:25)
    at Module.m._compile (C:\Users\DWIAJU~1\AppData\Local\Temp\ts-node-dev-hook-4112891355513282.js:69:33)
    at node:internal/modules/cjs/loader:1820:10
    at require.extensions..jsx.require.extensions..js (C:\Users\DWIAJU~1\AppData\Local\Temp\ts-node-dev-hook-4112891355513282.js:114:20)
    at require.extensions.<computed> (C:\Users\DWIAJU~1\AppData\Local\Temp\ts-node-dev-hook-4112891355513282.js:71:20)
    at Object.nodeDevHook [as .ts] (D:\BMU\PORTAL BMU\BE\node_modules\ts-node-dev\lib\hook.js:63:13)
2025-12-06 20:34:40 error: uncaughtException: OAuth2Strategy requires a clientID option
TypeError: OAuth2Strategy requires a clientID option
    at Strategy.OAuth2Strategy (D:\BMU\PORTAL BMU\BE\node_modules\passport-oauth2\lib\strategy.js:87:34)
    at new Strategy (D:\BMU\PORTAL BMU\BE\node_modules\passport-google-oauth20\lib\strategy.js:52:18)
    at Object.<anonymous> (D:\BMU\PORTAL BMU\BE\src\config\passport-setup.ts:7:3)
    at Module.<anonymous> (node:internal/modules/cjs/loader:1688:14)
    at Module._compile (D:\BMU\PORTAL BMU\BE\node_modules\source-map-support\source-map-support.js:521:25)
    at Module.m._compile (C:\Users\DWIAJU~1\AppData\Local\Temp\ts-node-dev-hook-16158756478365932.js:69:33)
    at node:internal/modules/cjs/loader:1820:10
    at require.extensions..jsx.require.extensions..js (C:\Users\DWIAJU~1\AppData\Local\Temp\ts-node-dev-hook-16158756478365932.js:114:20)
    at require.extensions.<computed> (C:\Users\DWIAJU~1\AppData\Local\Temp\ts-node-dev-hook-16158756478365932.js:71:20)
    at Object.nodeDevHook [as .ts] (D:\BMU\PORTAL BMU\BE\node_modules\ts-node-dev\lib\hook.js:63:13)
2025-12-06 20:36:42 error: uncaughtException: `PrismaClient` needs to be constructed with a non-empty, valid `PrismaClientOptions`:

```
new PrismaClient({
  ...
})
```

or

```
constructor() {
  super({ ... });
}
```
          
PrismaClientInitializationError: `PrismaClient` needs to be constructed with a non-empty, valid `PrismaClientOptions`:

```
new PrismaClient({
  ...
})
```

or

```
constructor() {
  super({ ... });
}
```
          
    at new t (D:\BMU\PORTAL BMU\BE\node_modules\@prisma\client\src\runtime\getPrismaClient.ts:259:15)
    at Object.<anonymous> (D:\BMU\PORTAL BMU\BE\src\controller\auth-controller.ts:6:16)
    at Module.<anonymous> (node:internal/modules/cjs/loader:1688:14)
    at Module._compile (D:\BMU\PORTAL BMU\BE\node_modules\source-map-support\source-map-support.js:521:25)
    at Module.m._compile (C:\Users\DWIAJU~1\AppData\Local\Temp\ts-node-dev-hook-5894112602237775.js:69:33)
    at node:internal/modules/cjs/loader:1820:10
    at require.extensions..jsx.require.extensions..js (C:\Users\DWIAJU~1\AppData\Local\Temp\ts-node-dev-hook-5894112602237775.js:114:20)
    at require.extensions.<computed> (C:\Users\DWIAJU~1\AppData\Local\Temp\ts-node-dev-hook-5894112602237775.js:71:20)
    at Object.nodeDevHook [as .ts] (D:\BMU\PORTAL BMU\BE\node_modules\ts-node-dev\lib\hook.js:63:13)
    at Module.load (node:internal/modules/cjs/loader:1423:32)
2025-12-06 20:41:08 error: uncaughtException: Cannot find module '../controller/feedback-controller'
Require stack:
- D:\BMU\PORTAL BMU\BE\src\routes\public-api.ts
- D:\BMU\PORTAL BMU\BE\src\application\web.ts
- D:\BMU\PORTAL BMU\BE\src\app.ts
Error: Cannot find module '../controller/feedback-controller'
Require stack:
- D:\BMU\PORTAL BMU\BE\src\routes\public-api.ts
- D:\BMU\PORTAL BMU\BE\src\application\web.ts
- D:\BMU\PORTAL BMU\BE\src\app.ts
    at Function._resolveFilename (node:internal/modules/cjs/loader:1365:15)
    at defaultResolveImpl (node:internal/modules/cjs/loader:1021:19)
    at resolveForCJSWithHooks (node:internal/modules/cjs/loader:1026:22)
    at Function._load (node:internal/modules/cjs/loader:1175:37)
    at TracingChannel.traceSync (node:diagnostics_channel:322:14)
    at wrapModuleLoad (node:internal/modules/cjs/loader:235:24)
    at Module.require (node:internal/modules/cjs/loader:1445:12)
    at require (node:internal/modules/helpers:135:16)
    at Object.<anonymous> (D:\BMU\PORTAL BMU\BE\src\routes\public-api.ts:7:1)
    at Module.<anonymous> (node:internal/modules/cjs/loader:1688:14)
2025-12-06 20:41:35 error: uncaughtException: createFeedback is not defined
ReferenceError: createFeedback is not defined
    at Object.<anonymous> (D:\BMU\PORTAL BMU\BE\src\routes\public-api.ts:12:36)
    at Module.<anonymous> (node:internal/modules/cjs/loader:1688:14)
    at Module._compile (D:\BMU\PORTAL BMU\BE\node_modules\source-map-support\source-map-support.js:521:25)
    at Module.m._compile (C:\Users\DWIAJU~1\AppData\Local\Temp\ts-node-dev-hook-5894112602237775.js:69:33)
    at node:internal/modules/cjs/loader:1820:10
    at require.extensions..jsx.require.extensions..js (C:\Users\DWIAJU~1\AppData\Local\Temp\ts-node-dev-hook-5894112602237775.js:114:20)
    at require.extensions.<computed> (C:\Users\DWIAJU~1\AppData\Local\Temp\ts-node-dev-hook-5894112602237775.js:71:20)
    at Object.nodeDevHook [as .ts] (D:\BMU\PORTAL BMU\BE\node_modules\ts-node-dev\lib\hook.js:63:13)
    at Module.load (node:internal/modules/cjs/loader:1423:32)
    at Function._load (node:internal/modules/cjs/loader:1246:12)
2025-12-06 20:41:47 error: uncaughtException: Cannot find module './details/feedback'
Require stack:
- D:\BMU\PORTAL BMU\BE\src\routes\private-api.ts
- D:\BMU\PORTAL BMU\BE\src\application\web.ts
- D:\BMU\PORTAL BMU\BE\src\app.ts
Error: Cannot find module './details/feedback'
Require stack:
- D:\BMU\PORTAL BMU\BE\src\routes\private-api.ts
- D:\BMU\PORTAL BMU\BE\src\application\web.ts
- D:\BMU\PORTAL BMU\BE\src\app.ts
    at Function._resolveFilename (node:internal/modules/cjs/loader:1365:15)
    at defaultResolveImpl (node:internal/modules/cjs/loader:1021:19)
    at resolveForCJSWithHooks (node:internal/modules/cjs/loader:1026:22)
    at Function._load (node:internal/modules/cjs/loader:1175:37)
    at TracingChannel.traceSync (node:diagnostics_channel:322:14)
    at wrapModuleLoad (node:internal/modules/cjs/loader:235:24)
    at Module.require (node:internal/modules/cjs/loader:1445:12)
    at require (node:internal/modules/helpers:135:16)
    at Object.<anonymous> (D:\BMU\PORTAL BMU\BE\src\routes\private-api.ts:5:1)
    at Module.<anonymous> (node:internal/modules/cjs/loader:1688:14)
2025-12-06 20:42:07 error: uncaughtException: feedbackRoutes is not defined
ReferenceError: feedbackRoutes is not defined
    at Object.<anonymous> (D:\BMU\PORTAL BMU\BE\src\routes\private-api.ts:17:43)
    at Module.<anonymous> (node:internal/modules/cjs/loader:1688:14)
    at Module._compile (D:\BMU\PORTAL BMU\BE\node_modules\source-map-support\source-map-support.js:521:25)
    at Module.m._compile (C:\Users\DWIAJU~1\AppData\Local\Temp\ts-node-dev-hook-5894112602237775.js:69:33)
    at node:internal/modules/cjs/loader:1820:10
    at require.extensions..jsx.require.extensions..js (C:\Users\DWIAJU~1\AppData\Local\Temp\ts-node-dev-hook-5894112602237775.js:114:20)
    at require.extensions.<computed> (C:\Users\DWIAJU~1\AppData\Local\Temp\ts-node-dev-hook-5894112602237775.js:71:20)
    at Object.nodeDevHook [as .ts] (D:\BMU\PORTAL BMU\BE\node_modules\ts-node-dev\lib\hook.js:63:13)
    at Module.load (node:internal/modules/cjs/loader:1423:32)
    at Function._load (node:internal/modules/cjs/loader:1246:12)
